0 info it worked if it ends with ok
1 verbose cli [ '/Users/Barreiros/Projects/STF/STF Digital/src/stfdigital/node/node',
1 verbose cli   '/Users/Barreiros/Projects/STF/STF Digital/src/stfdigital/node/npm/bin/npm-cli.js',
1 verbose cli   'install',
1 verbose cli   '--color=false' ]
2 info using npm@1.4.9
3 info using node@v0.12.4
4 verbose readDependencies using package.json deps
5 verbose install where, deps [ '/Users/Barreiros/Projects/STF/STF Digital/src/stfdigital',
5 verbose install   [ 'browser-sync',
5 verbose install     'del',
5 verbose install     'gulp',
5 verbose install     'gulp-changed',
5 verbose install     'gulp-concat',
5 verbose install     'gulp-csso',
5 verbose install     'gulp-header',
5 verbose install     'gulp-html2js',
5 verbose install     'gulp-if',
5 verbose install     'gulp-imagemin',
5 verbose install     'gulp-jshint',
5 verbose install     'gulp-load-plugins',
5 verbose install     'gulp-minify-html',
5 verbose install     'gulp-ng-annotate',
5 verbose install     'gulp-ng-html2js',
5 verbose install     'gulp-protractor',
5 verbose install     'gulp-rev',
5 verbose install     'gulp-rev-replace',
5 verbose install     'gulp-sass',
5 verbose install     'gulp-size',
5 verbose install     'gulp-sourcemaps',
5 verbose install     'gulp-uglify',
5 verbose install     'gulp-useref',
5 verbose install     'gulp-bower',
5 verbose install     'gulp-ng-config',
5 verbose install     'jshint-stylish',
5 verbose install     'karma',
5 verbose install     'karma-chrome-launcher',
5 verbose install     'karma-coverage',
5 verbose install     'karma-html-reporter',
5 verbose install     'karma-jasmine',
5 verbose install     'karma-mocha-reporter',
5 verbose install     'karma-phantomjs-launcher',
5 verbose install     'lodash',
5 verbose install     'protractor',
5 verbose install     'run-sequence',
5 verbose install     'protractor-html-screenshot-reporter' ] ]
6 info preinstall stfdigital@0.1.0
7 verbose readDependencies using package.json deps
8 verbose already installed skipping browser-sync@~2.7.1 /Users/Barreiros/Projects/STF/STF Digital/src/stfdigital
9 verbose already installed skipping del@~1.1.1 /Users/Barreiros/Projects/STF/STF Digital/src/stfdigital
10 verbose already installed skipping gulp@~3.9.0 /Users/Barreiros/Projects/STF/STF Digital/src/stfdigital
11 verbose already installed skipping gulp-changed@~1.2.1 /Users/Barreiros/Projects/STF/STF Digital/src/stfdigital
12 verbose already installed skipping gulp-concat@~2.5.2 /Users/Barreiros/Projects/STF/STF Digital/src/stfdigital
13 verbose already installed skipping gulp-csso@~1.0.0 /Users/Barreiros/Projects/STF/STF Digital/src/stfdigital
14 verbose already installed skipping gulp-header@~1.2.2 /Users/Barreiros/Projects/STF/STF Digital/src/stfdigital
15 verbose already installed skipping gulp-html2js@~0.2.0 /Users/Barreiros/Projects/STF/STF Digital/src/stfdigital
16 verbose already installed skipping gulp-if@~1.2.5 /Users/Barreiros/Projects/STF/STF Digital/src/stfdigital
17 verbose already installed skipping gulp-imagemin@~2.2.1 /Users/Barreiros/Projects/STF/STF Digital/src/stfdigital
18 verbose already installed skipping gulp-jshint@~1.10.0 /Users/Barreiros/Projects/STF/STF Digital/src/stfdigital
19 verbose already installed skipping gulp-load-plugins@~0.10.0 /Users/Barreiros/Projects/STF/STF Digital/src/stfdigital
20 verbose already installed skipping gulp-minify-html@~1.0.2 /Users/Barreiros/Projects/STF/STF Digital/src/stfdigital
21 verbose already installed skipping gulp-ng-annotate@~0.5.3 /Users/Barreiros/Projects/STF/STF Digital/src/stfdigital
22 verbose already installed skipping gulp-ng-html2js@~0.2.0 /Users/Barreiros/Projects/STF/STF Digital/src/stfdigital
23 verbose already installed skipping gulp-protractor@1.0.0 /Users/Barreiros/Projects/STF/STF Digital/src/stfdigital
24 verbose already installed skipping gulp-rev@~3.0.1 /Users/Barreiros/Projects/STF/STF Digital/src/stfdigital
25 verbose already installed skipping gulp-rev-replace@~0.4.0 /Users/Barreiros/Projects/STF/STF Digital/src/stfdigital
26 verbose already installed skipping gulp-sass@~2.0.0 /Users/Barreiros/Projects/STF/STF Digital/src/stfdigital
27 verbose already installed skipping gulp-size@~1.2.1 /Users/Barreiros/Projects/STF/STF Digital/src/stfdigital
28 verbose already installed skipping gulp-sourcemaps@~1.5.2 /Users/Barreiros/Projects/STF/STF Digital/src/stfdigital
29 verbose already installed skipping gulp-uglify@~1.2.0 /Users/Barreiros/Projects/STF/STF Digital/src/stfdigital
30 verbose already installed skipping gulp-useref@~1.1.2 /Users/Barreiros/Projects/STF/STF Digital/src/stfdigital
31 verbose already installed skipping gulp-bower@~0.0.10 /Users/Barreiros/Projects/STF/STF Digital/src/stfdigital
32 verbose already installed skipping gulp-ng-config@~1.2.1 /Users/Barreiros/Projects/STF/STF Digital/src/stfdigital
33 verbose already installed skipping jshint-stylish@~1.0.2 /Users/Barreiros/Projects/STF/STF Digital/src/stfdigital
34 verbose already installed skipping karma@~0.12.31 /Users/Barreiros/Projects/STF/STF Digital/src/stfdigital
35 verbose already installed skipping karma-chrome-launcher@~0.1.8 /Users/Barreiros/Projects/STF/STF Digital/src/stfdigital
36 verbose already installed skipping karma-coverage@~0.3.1 /Users/Barreiros/Projects/STF/STF Digital/src/stfdigital
37 verbose already installed skipping karma-html-reporter@~0.2.6 /Users/Barreiros/Projects/STF/STF Digital/src/stfdigital
38 verbose already installed skipping karma-jasmine@~0.3.5 /Users/Barreiros/Projects/STF/STF Digital/src/stfdigital
39 verbose already installed skipping karma-mocha-reporter@~1.0.2 /Users/Barreiros/Projects/STF/STF Digital/src/stfdigital
40 verbose already installed skipping karma-phantomjs-launcher@~0.1.4 /Users/Barreiros/Projects/STF/STF Digital/src/stfdigital
41 verbose already installed skipping lodash@~3.8.0 /Users/Barreiros/Projects/STF/STF Digital/src/stfdigital
42 verbose already installed skipping protractor@~2.0.0 /Users/Barreiros/Projects/STF/STF Digital/src/stfdigital
43 verbose already installed skipping run-sequence@~1.1.0 /Users/Barreiros/Projects/STF/STF Digital/src/stfdigital
44 verbose already installed skipping protractor-html-screenshot-reporter@~0.0.21 /Users/Barreiros/Projects/STF/STF Digital/src/stfdigital
45 silly resolved []
46 info build /Users/Barreiros/Projects/STF/STF Digital/src/stfdigital
47 verbose linkStuff [ false,
47 verbose linkStuff   false,
47 verbose linkStuff   false,
47 verbose linkStuff   '/Users/Barreiros/Projects/STF/STF Digital/src' ]
48 info linkStuff stfdigital@0.1.0
49 verbose linkBins stfdigital@0.1.0
50 verbose linkMans stfdigital@0.1.0
51 verbose rebuildBundles stfdigital@0.1.0
52 verbose rebuildBundles [ '.bin',
52 verbose rebuildBundles   'browser-sync',
52 verbose rebuildBundles   'del',
52 verbose rebuildBundles   'gulp',
52 verbose rebuildBundles   'gulp-bower',
52 verbose rebuildBundles   'gulp-changed',
52 verbose rebuildBundles   'gulp-concat',
52 verbose rebuildBundles   'gulp-csso',
52 verbose rebuildBundles   'gulp-header',
52 verbose rebuildBundles   'gulp-html2js',
52 verbose rebuildBundles   'gulp-if',
52 verbose rebuildBundles   'gulp-imagemin',
52 verbose rebuildBundles   'gulp-jshint',
52 verbose rebuildBundles   'gulp-load-plugins',
52 verbose rebuildBundles   'gulp-minify-html',
52 verbose rebuildBundles   'gulp-ng-annotate',
52 verbose rebuildBundles   'gulp-ng-config',
52 verbose rebuildBundles   'gulp-ng-html2js',
52 verbose rebuildBundles   'gulp-protractor',
52 verbose rebuildBundles   'gulp-rev',
52 verbose rebuildBundles   'gulp-rev-replace',
52 verbose rebuildBundles   'gulp-sass',
52 verbose rebuildBundles   'gulp-size',
52 verbose rebuildBundles   'gulp-sourcemaps',
52 verbose rebuildBundles   'gulp-uglify',
52 verbose rebuildBundles   'gulp-useref',
52 verbose rebuildBundles   'jasmine-core',
52 verbose rebuildBundles   'jasmine-reporters',
52 verbose rebuildBundles   'jshint-stylish',
52 verbose rebuildBundles   'karma',
52 verbose rebuildBundles   'karma-chrome-launcher',
52 verbose rebuildBundles   'karma-coverage',
52 verbose rebuildBundles   'karma-html-reporter',
52 verbose rebuildBundles   'karma-jasmine',
52 verbose rebuildBundles   'karma-mocha-reporter',
52 verbose rebuildBundles   'karma-phantomjs-launcher',
52 verbose rebuildBundles   'lodash',
52 verbose rebuildBundles   'protractor',
52 verbose rebuildBundles   'protractor-html-screenshot-reporter',
52 verbose rebuildBundles   'run-sequence' ]
53 verbose rebuild bundle /Users/Barreiros/Projects/STF/STF Digital/src/stfdigital/node_modules/jasmine-core
54 info build /Users/Barreiros/Projects/STF/STF Digital/src/stfdigital/node_modules/jasmine-core
55 info preinstall jasmine-core@2.3.4
56 verbose linkStuff [ false,
56 verbose linkStuff   false,
56 verbose linkStuff   false,
56 verbose linkStuff   '/Users/Barreiros/Projects/STF/STF Digital/src/stfdigital/node_modules' ]
57 info linkStuff jasmine-core@2.3.4
58 verbose linkBins jasmine-core@2.3.4
59 verbose linkMans jasmine-core@2.3.4
60 verbose rebuildBundles jasmine-core@2.3.4
61 info install jasmine-core@2.3.4
62 info postinstall jasmine-core@2.3.4
63 verbose rebuild bundle /Users/Barreiros/Projects/STF/STF Digital/src/stfdigital/node_modules/jasmine-reporters
64 info build /Users/Barreiros/Projects/STF/STF Digital/src/stfdigital/node_modules/jasmine-reporters
65 info preinstall jasmine-reporters@2.0.7
66 verbose linkStuff [ false,
66 verbose linkStuff   false,
66 verbose linkStuff   false,
66 verbose linkStuff   '/Users/Barreiros/Projects/STF/STF Digital/src/stfdigital/node_modules' ]
67 info linkStuff jasmine-reporters@2.0.7
68 verbose linkBins jasmine-reporters@2.0.7
69 verbose linkMans jasmine-reporters@2.0.7
70 verbose rebuildBundles jasmine-reporters@2.0.7
71 verbose rebuildBundles [ 'mkdirp' ]
72 info install jasmine-reporters@2.0.7
73 info postinstall jasmine-reporters@2.0.7
74 info install stfdigital@0.1.0
75 info postinstall stfdigital@0.1.0
76 verbose unsafe-perm in lifecycle true
77 info stfdigital@0.1.0 Failed to exec postinstall script
78 error stfdigital@0.1.0 postinstall: `gulp build`
78 error Exit status 1
79 error Failed at the stfdigital@0.1.0 postinstall script.
79 error This is most likely a problem with the stfdigital package,
79 error not with npm itself.
79 error Tell the author that this fails on your system:
79 error     gulp build
79 error You can get their info via:
79 error     npm owner ls stfdigital
79 error There is likely additional logging output above.
80 error System Darwin 14.3.0
81 error command "/Users/Barreiros/Projects/STF/STF Digital/src/stfdigital/node/node" "/Users/Barreiros/Projects/STF/STF Digital/src/stfdigital/node/npm/bin/npm-cli.js" "install" "--color=false"
82 error cwd /Users/Barreiros/Projects/STF/STF Digital/src/stfdigital
83 error node -v v0.12.4
84 error npm -v 1.4.9
85 error code ELIFECYCLE
86 verbose exit [ 1, true ]
